<?xml version="1.0" encoding="UTF-8"?>
<!-- Generated by org.testng.reporters.JUnitXMLReporter -->
<testsuite hostname="LAPTOP-ER3UE92E" ignored="0" name="Test2" tests="9" failures="0" timestamp="31 Jul 2022 12:06:51 GMT" time="0.015" errors="0">
  <testcase name="test1" time="0.0" classname="org.test.parallelexample"/>
  <testcase name="test2" time="0.001" classname="org.test.parallelexample"/>
  <testcase name="test3" time="0.0" classname="org.test.parallelexample"/>
  <testcase name="test4" time="0.0" classname="org.test.parallelexample"/>
  <testcase name="test5" time="0.0" classname="org.test.parallelexample"/>
  <testcase name="test6" time="0.001" classname="org.test.parallelexample"/>
  <testcase name="test7" time="0.0" classname="org.test.parallelexample"/>
  <testcase name="test8" time="0.0" classname="org.test.parallelexample"/>
  <testcase name="test9" time="0.0" classname="org.test.parallelexample"/>
</testsuite> <!-- Test2 -->
